# JRE version: Java(TM) SE Runtime Environment (9.0+11) (build 9.0.4+11)
# Java VM: Java HotSpot(TM) 64-Bit Server VM (9.0.4+11, mixed mode, tiered, compressed oops, g1 gc, windows-amd64)
Heap:
 garbage-first heap   total 250880K, used 117371K [0x0000000700000000, 0x00000007001007a8, 0x00000007c0000000)
  region size 1024K, 29 young (29696K), 5 survivors (5120K)
 Metaspace       used 89046K, capacity 95045K, committed 95308K, reserved 1130496K
  class space    used 13124K, capacity 14153K, committed 14208K, reserved 1048576K
GC Heap History (10 events):
Event: 305.138 GC heap before
{Heap before GC invocations=91 (full 6):
 garbage-first heap   total 208896K, used 150650K [0x0000000700000000, 0x0000000700100660, 0x00000007c0000000)
  region size 1024K, 60 young (61440K), 2 survivors (2048K)
 Metaspace       used 88964K, capacity 94905K, committed 95052K, reserved 1130496K
  class space    used 13122K, capacity 14151K, committed 14208K, reserved 1048576K
}
Event: 305.140 GC heap after
{Heap after GC invocations=92 (full 6):
 garbage-first heap   total 208896K, used 91303K [0x0000000700000000, 0x0000000700100660, 0x00000007c0000000)
  region size 1024K, 2 young (2048K), 2 survivors (2048K)
 Metaspace       used 88964K, capacity 94905K, committed 95052K, reserved 1130496K
  class space    used 13122K, capacity 14151K, committed 14208K, reserved 1048576K
}
Event: 305.184 GC heap before
{Heap before GC invocations=92 (full 6):
 garbage-first heap   total 208896K, used 150695K [0x0000000700000000, 0x0000000700100660, 0x00000007c0000000)
  region size 1024K, 60 young (61440K), 2 survivors (2048K)
 Metaspace       used 88969K, capacity 94905K, committed 95052K, reserved 1130496K
  class space    used 13122K, capacity 14151K, committed 14208K, reserved 1048576K
}
Event: 305.186 GC heap after
{Heap after GC invocations=93 (full 6):
 garbage-first heap   total 208896K, used 91349K [0x0000000700000000, 0x0000000700100660, 0x00000007c0000000)
  region size 1024K, 2 young (2048K), 2 survivors (2048K)
 Metaspace       used 88969K, capacity 94905K, committed 95052K, reserved 1130496K
  class space    used 13122K, capacity 14151K, committed 14208K, reserved 1048576K
}
Event: 305.226 GC heap before
{Heap before GC invocations=93 (full 6):
 garbage-first heap   total 208896K, used 150741K [0x0000000700000000, 0x0000000700100660, 0x00000007c0000000)
  region size 1024K, 60 young (61440K), 2 survivors (2048K)
 Metaspace       used 88969K, capacity 94905K, committed 95052K, reserved 1130496K
  class space    used 13122K, capacity 14151K, committed 14208K, reserved 1048576K
}
Event: 305.228 GC heap after
{Heap after GC invocations=94 (full 6):
 garbage-first heap   total 208896K, used 91339K [0x0000000700000000, 0x0000000700100660, 0x00000007c0000000)
  region size 1024K, 2 young (2048K), 2 survivors (2048K)
 Metaspace       used 88969K, capacity 94905K, committed 95052K, reserved 1130496K
  class space    used 13122K, capacity 14151K, committed 14208K, reserved 1048576K
}
Event: 308.687 GC heap before
{Heap before GC invocations=94 (full 6):
 garbage-first heap   total 208896K, used 150731K [0x0000000700000000, 0x0000000700100660, 0x00000007c0000000)
  region size 1024K, 60 young (61440K), 2 survivors (2048K)
 Metaspace       used 89011K, capacity 94981K, committed 95052K, reserved 1130496K
  class space    used 13123K, capacity 14153K, committed 14208K, reserved 1048576K
}
Event: 308.690 GC heap after
{Heap after GC invocations=95 (full 6):
 garbage-first heap   total 208896K, used 91681K [0x0000000700000000, 0x0000000700100660, 0x00000007c0000000)
  region size 1024K, 3 young (3072K), 3 survivors (3072K)
 Metaspace       used 89011K, capacity 94981K, committed 95052K, reserved 1130496K
  class space    used 13123K, capacity 14153K, committed 14208K, reserved 1048576K
}
Event: 308.939 GC heap before
{Heap before GC invocations=95 (full 6):
 garbage-first heap   total 208896K, used 150049K [0x0000000700000000, 0x0000000700100660, 0x00000007c0000000)
  region size 1024K, 60 young (61440K), 3 survivors (3072K)
 Metaspace       used 89037K, capacity 94981K, committed 95052K, reserved 1130496K
  class space    used 13123K, capacity 14153K, committed 14208K, reserved 1048576K
}
Event: 308.943 GC heap after
{Heap after GC invocations=96 (full 6):
 garbage-first heap   total 250880K, used 93819K [0x0000000700000000, 0x00000007001007a8, 0x00000007c0000000)
  region size 1024K, 5 young (5120K), 5 survivors (5120K)
 Metaspace       used 89037K, capacity 94981K, committed 95052K, reserved 1130496K
  class space    used 13123K, capacity 14153K, committed 14208K, reserved 1048576K
}

