# JRE version: Java(TM) SE Runtime Environment (9.0+11) (build 9.0.4+11)
# Java VM: Java HotSpot(TM) 64-Bit Server VM (9.0.4+11, mixed mode, tiered, compressed oops, g1 gc, windows-amd64)
Heap:
 garbage-first heap   total 189440K, used 85871K [0x0000000700000000, 0x00000007001005c8, 0x00000007c0000000)
  region size 1024K, 5 young (5120K), 1 survivors (1024K)
 Metaspace       used 85206K, capacity 90261K, committed 92364K, reserved 1128448K
  class space    used 11946K, capacity 12831K, committed 13312K, reserved 1048576K
GC Heap History (10 events):
Event: 3565.796 GC heap before
{Heap before GC invocations=102 (full 2):
 garbage-first heap   total 189440K, used 152514K [0x0000000700000000, 0x00000007001005c8, 0x00000007c0000000)
  region size 1024K, 60 young (61440K), 5 survivors (5120K)
 Metaspace       used 84762K, capacity 89749K, committed 91724K, reserved 1128448K
  class space    used 11884K, capacity 12761K, committed 13184K, reserved 1048576K
}
Event: 3565.802 GC heap after
{Heap after GC invocations=103 (full 2):
 garbage-first heap   total 189440K, used 96114K [0x0000000700000000, 0x00000007001005c8, 0x00000007c0000000)
  region size 1024K, 4 young (4096K), 4 survivors (4096K)
 Metaspace       used 84762K, capacity 89749K, committed 91724K, reserved 1128448K
  class space    used 11884K, capacity 12761K, committed 13184K, reserved 1048576K
}
Event: 3567.396 GC heap before
{Heap before GC invocations=104 (full 2):
 garbage-first heap   total 189440K, used 153458K [0x0000000700000000, 0x00000007001005c8, 0x00000007c0000000)
  region size 1024K, 60 young (61440K), 4 survivors (4096K)
 Metaspace       used 84787K, capacity 89755K, committed 91724K, reserved 1128448K
  class space    used 11886K, capacity 12762K, committed 13184K, reserved 1048576K
}
Event: 3567.401 GC heap after
{Heap after GC invocations=105 (full 2):
 garbage-first heap   total 189440K, used 96112K [0x0000000700000000, 0x00000007001005c8, 0x00000007c0000000)
  region size 1024K, 4 young (4096K), 4 survivors (4096K)
 Metaspace       used 84787K, capacity 89755K, committed 91724K, reserved 1128448K
  class space    used 11886K, capacity 12762K, committed 13184K, reserved 1048576K
}
Event: 3567.752 GC heap before
{Heap before GC invocations=105 (full 2):
 garbage-first heap   total 189440K, used 153456K [0x0000000700000000, 0x00000007001005c8, 0x00000007c0000000)
  region size 1024K, 60 young (61440K), 4 survivors (4096K)
 Metaspace       used 84819K, capacity 89755K, committed 91724K, reserved 1128448K
  class space    used 11886K, capacity 12762K, committed 13184K, reserved 1048576K
}
Event: 3567.758 GC heap after
{Heap after GC invocations=106 (full 2):
 garbage-first heap   total 189440K, used 96130K [0x0000000700000000, 0x00000007001005c8, 0x00000007c0000000)
  region size 1024K, 4 young (4096K), 4 survivors (4096K)
 Metaspace       used 84819K, capacity 89755K, committed 91724K, reserved 1128448K
  class space    used 11886K, capacity 12762K, committed 13184K, reserved 1048576K
}
Event: 3588.954 GC heap before
{Heap before GC invocations=107 (full 2):
 garbage-first heap   total 189440K, used 153474K [0x0000000700000000, 0x00000007001005c8, 0x00000007c0000000)
  region size 1024K, 60 young (61440K), 4 survivors (4096K)
 Metaspace       used 85134K, capacity 90133K, committed 92108K, reserved 1128448K
  class space    used 11940K, capacity 12831K, committed 13312K, reserved 1048576K
}
Event: 3588.960 GC heap after
{Heap after GC invocations=108 (full 2):
 garbage-first heap   total 189440K, used 96348K [0x0000000700000000, 0x00000007001005c8, 0x00000007c0000000)
  region size 1024K, 5 young (5120K), 5 survivors (5120K)
 Metaspace       used 85134K, capacity 90133K, committed 92108K, reserved 1128448K
  class space    used 11940K, capacity 12831K, committed 13312K, reserved 1048576K
}
Event: 3589.100 GC heap before
{Heap before GC invocations=108 (full 2):
 garbage-first heap   total 189440K, used 99420K [0x0000000700000000, 0x00000007001005c8, 0x00000007c0000000)
  region size 1024K, 9 young (9216K), 5 survivors (5120K)
 Metaspace       used 85163K, capacity 90133K, committed 92108K, reserved 1128448K
  class space    used 11945K, capacity 12831K, committed 13312K, reserved 1048576K
}
Event: 3589.429 GC heap after
{Heap after GC invocations=109 (full 3):
 garbage-first heap   total 189440K, used 82061K [0x0000000700000000, 0x00000007001005c8, 0x00000007c0000000)
  region size 1024K, 0 young (0K), 0 survivors (0K)
 Metaspace       used 85163K, capacity 90133K, committed 92108K, reserved 1128448K
  class space    used 11945K, capacity 12831K, committed 13312K, reserved 1048576K
}

